<?xml version="1.0" encoding="UTF-8"?>
<!-- Generated by org.testng.reporters.JUnitXMLReporter -->
<testsuite hostname="LAPTOP-4OVFA4F1" ignored="0" name="Default test" tests="4" failures="0" timestamp="18 Apr 2019 16:41:09 GMT" time="60.502" errors="0">
  <testcase name="Singintest" time="2.551" classname="testScript.SinginPageTest"/>
  <testcase name="VerifySinginpageTest" time="3.524" classname="testScript.SinginPageTest"/>
  <testcase name="VerifySinginpageTest" time="3.264" classname="testScript.SinginPageTest"/>
  <testcase name="VerifySinginpageTest" time="2.862" classname="testScript.SinginPageTest"/>
</testsuite> <!-- Default test -->
