<?xml version="1.0" encoding="UTF-8"?>
<testng-results skipped="0" failed="0" ignored="0" total="4" passed="4">
  <reporter-output>
  </reporter-output>
  <suite name="Default suite" duration-ms="60502" started-at="2019-04-18T16:40:08Z" finished-at="2019-04-18T16:41:09Z">
    <groups>
    </groups>
    <test name="Default test" duration-ms="60502" started-at="2019-04-18T16:40:08Z" finished-at="2019-04-18T16:41:09Z">
      <class name="testScript.SinginPageTest">
        <test-method status="PASS" signature="setup()[pri:0, instance:testScript.SinginPageTest@a38d7a3]" name="setup" is-config="true" duration-ms="13491" started-at="2019-04-18T16:40:08Z" finished-at="2019-04-18T16:40:22Z">
          <reporter-output>
          </reporter-output>
        </test-method> <!-- setup -->
        <test-method status="PASS" signature="Singintest()[pri:0, instance:testScript.SinginPageTest@a38d7a3]" name="Singintest" duration-ms="2551" started-at="2019-04-18T16:40:22Z" finished-at="2019-04-18T16:40:24Z">
          <reporter-output>
          </reporter-output>
        </test-method> <!-- Singintest -->
        <test-method status="PASS" signature="teardown()[pri:0, instance:testScript.SinginPageTest@a38d7a3]" name="teardown" is-config="true" duration-ms="2239" started-at="2019-04-18T16:40:24Z" finished-at="2019-04-18T16:40:27Z">
          <reporter-output>
          </reporter-output>
        </test-method> <!-- teardown -->
        <test-method status="PASS" signature="setup()[pri:0, instance:testScript.SinginPageTest@a38d7a3]" name="setup" is-config="true" duration-ms="8080" started-at="2019-04-18T16:40:28Z" finished-at="2019-04-18T16:40:36Z">
          <reporter-output>
          </reporter-output>
        </test-method> <!-- setup -->
        <test-method status="PASS" signature="VerifySinginpageTest(java.lang.String, java.lang.String)[pri:0, instance:testScript.SinginPageTest@a38d7a3]" name="VerifySinginpageTest" duration-ms="3524" started-at="2019-04-18T16:40:36Z" data-provider="WomenSingin" finished-at="2019-04-18T16:40:39Z">
          <params>
            <param index="0">
              <value>
                <![CDATA[automation@test.com]]>
              </value>
            </param>
            <param index="1">
              <value is-null="true"/>
            </param>
          </params>
          <reporter-output>
          </reporter-output>
        </test-method> <!-- VerifySinginpageTest -->
        <test-method status="PASS" signature="teardown()[pri:0, instance:testScript.SinginPageTest@a38d7a3]" name="teardown" is-config="true" duration-ms="2016" started-at="2019-04-18T16:40:39Z" finished-at="2019-04-18T16:40:41Z">
          <reporter-output>
          </reporter-output>
        </test-method> <!-- teardown -->
        <test-method status="PASS" signature="setup()[pri:0, instance:testScript.SinginPageTest@a38d7a3]" name="setup" is-config="true" duration-ms="8736" started-at="2019-04-18T16:40:41Z" finished-at="2019-04-18T16:40:50Z">
          <reporter-output>
          </reporter-output>
        </test-method> <!-- setup -->
        <test-method status="PASS" signature="VerifySinginpageTest(java.lang.String, java.lang.String)[pri:0, instance:testScript.SinginPageTest@a38d7a3]" name="VerifySinginpageTest" duration-ms="3264" started-at="2019-04-18T16:40:50Z" data-provider="WomenSingin" finished-at="2019-04-18T16:40:53Z">
          <params>
            <param index="0">
              <value>
                <![CDATA[automation@test.com]]>
              </value>
            </param>
            <param index="1">
              <value is-null="true"/>
            </param>
          </params>
          <reporter-output>
          </reporter-output>
        </test-method> <!-- VerifySinginpageTest -->
        <test-method status="PASS" signature="teardown()[pri:0, instance:testScript.SinginPageTest@a38d7a3]" name="teardown" is-config="true" duration-ms="2406" started-at="2019-04-18T16:40:53Z" finished-at="2019-04-18T16:40:56Z">
          <reporter-output>
          </reporter-output>
        </test-method> <!-- teardown -->
        <test-method status="PASS" signature="setup()[pri:0, instance:testScript.SinginPageTest@a38d7a3]" name="setup" is-config="true" duration-ms="8560" started-at="2019-04-18T16:40:56Z" finished-at="2019-04-18T16:41:04Z">
          <reporter-output>
          </reporter-output>
        </test-method> <!-- setup -->
        <test-method status="PASS" signature="VerifySinginpageTest(java.lang.String, java.lang.String)[pri:0, instance:testScript.SinginPageTest@a38d7a3]" name="VerifySinginpageTest" duration-ms="2862" started-at="2019-04-18T16:41:04Z" data-provider="WomenSingin" finished-at="2019-04-18T16:41:07Z">
          <params>
            <param index="0">
              <value>
                <![CDATA[automation@test.com]]>
              </value>
            </param>
            <param index="1">
              <value is-null="true"/>
            </param>
          </params>
          <reporter-output>
          </reporter-output>
        </test-method> <!-- VerifySinginpageTest -->
        <test-method status="PASS" signature="teardown()[pri:0, instance:testScript.SinginPageTest@a38d7a3]" name="teardown" is-config="true" duration-ms="1750" started-at="2019-04-18T16:41:07Z" finished-at="2019-04-18T16:41:09Z">
          <reporter-output>
          </reporter-output>
        </test-method> <!-- teardown -->
      </class> <!-- testScript.SinginPageTest -->
    </test> <!-- Default test -->
  </suite> <!-- Default suite -->
</testng-results>
